We attempted 2056530 shuffles and played 10000 total hands
==================================================
Across all hands there were an average of 8.6322 tricks available in nt
Across all hands there were an average of 9.3678 tricks available in spades
The blasting games made 5693 games (56.93%)
===================================================
We'd invite and end up in game 5855 times (58.55%)
We'd make game after accepting the invite 3925.0 times (67.04%)
===================================================
We'd decline invites 4145 times (41.449999999999996%)
When we stay low we would have made game 1768 times (42.65%)
When we stay low we would make 8 exactly 1379 times (33.27%)
When we stay low we would make 7 or fewer exactly 998 times (24.08%)
==================================================
We'd accept spade invites 5855 times (58.55%)
When we accept Spades scores better 2140 times (36.55%), NT scores better 2719 times (46.44%) and they are the same 996 times (17.01%)
when we accept Spades both games make 2804 times (47.89%), only the NT game makes 1121 times (19.15%), only spades make 455 times (7.77%), and both are down 1475 times (25.19%)
==================================================
If we choice of game between 4 Spaces and 3nt and end up in spades
Spades scores better 3526 times (35.26%), NT scores better 4191 times (41.91%) and they are the same 2283 times (22.83%)
when we accept Spades both games make 3728 times (37.28%), only the NT game makes 1965 times (19.65%), only spades make 679 times (6.79%), and both are down 3628 times (36.28%)
